<?xml version="1.0" encoding="UTF-8"?>
<testng-results ignored="0" total="3" passed="2" failed="1" skipped="0">
  <reporter-output>
    <line>
      <![CDATA[Sumo class method]]>
    </line>
    <line>
      <![CDATA[demo1 class method]]>
    </line>
  </reporter-output>
  <suite started-at="2022-06-01T18:39:37 IST" name="Suite" finished-at="2022-06-01T18:39:38 IST" duration-ms="691">
    <groups>
    </groups>
    <test started-at="2022-06-01T18:39:37 IST" name="Test" finished-at="2022-06-01T18:39:38 IST" duration-ms="691">
      <class name="testngpack.Sumo">
        <test-method signature="c()[pri:0, instance:testngpack.Sumo@3a6bb9bf]" started-at="2022-06-01T18:39:37 IST" name="c" finished-at="2022-06-01T18:39:37 IST" duration-ms="87" status="PASS">
          <reporter-output>
            <line>
              <![CDATA[Sumo class method]]>
            </line>
          </reporter-output>
        </test-method> <!-- c -->
      </class> <!-- testngpack.Sumo -->
      <class name="testngpack.Remo">
        <test-method signature="b()[pri:0, instance:testngpack.Remo@732c2a62]" started-at="2022-06-01T18:39:38 IST" name="b" finished-at="2022-06-01T18:39:38 IST" duration-ms="33" status="FAIL">
          <exception class="java.lang.AssertionError">
            <message>
              <![CDATA[null]]>
            </message>
            <full-stacktrace>
              <![CDATA[java.lang.AssertionError: null
at org.testng.Assert.fail(Assert.java:99)
at org.testng.Assert.fail(Assert.java:106)
at testngpack.Remo.b(Remo.java:12)
at java.base/jdk.internal.reflect.NativeMethodAccessorImpl.invoke0(Native Method)
at java.base/jdk.internal.reflect.NativeMethodAccessorImpl.invoke(NativeMethodAccessorImpl.java:77)
at java.base/jdk.internal.reflect.DelegatingMethodAccessorImpl.invoke(DelegatingMethodAccessorImpl.java:43)
at java.base/java.lang.reflect.Method.invoke(Method.java:568)
at org.testng.internal.MethodInvocationHelper.invokeMethod(MethodInvocationHelper.java:133)
at org.testng.internal.TestInvoker.invokeMethod(TestInvoker.java:598)
at org.testng.internal.TestInvoker.invokeTestMethod(TestInvoker.java:173)
at org.testng.internal.MethodRunner.runInSequence(MethodRunner.java:46)
at org.testng.internal.TestInvoker$MethodInvocationAgent.invoke(TestInvoker.java:824)
at org.testng.internal.TestInvoker.invokeTestMethods(TestInvoker.java:146)
at org.testng.internal.TestMethodWorker.invokeTestMethods(TestMethodWorker.java:146)
at org.testng.internal.TestMethodWorker.run(TestMethodWorker.java:128)
at java.base/java.util.ArrayList.forEach(ArrayList.java:1511)
at org.testng.TestRunner.privateRun(TestRunner.java:794)
at org.testng.TestRunner.run(TestRunner.java:596)
at org.testng.SuiteRunner.runTest(SuiteRunner.java:377)
at org.testng.SuiteRunner.runSequentially(SuiteRunner.java:371)
at org.testng.SuiteRunner.privateRun(SuiteRunner.java:332)
at org.testng.SuiteRunner.run(SuiteRunner.java:276)
at org.testng.SuiteRunnerWorker.runSuite(SuiteRunnerWorker.java:53)
at org.testng.SuiteRunnerWorker.run(SuiteRunnerWorker.java:96)
at org.testng.TestNG.runSuitesSequentially(TestNG.java:1212)
at org.testng.TestNG.runSuitesLocally(TestNG.java:1134)
at org.testng.TestNG.runSuites(TestNG.java:1063)
at org.testng.TestNG.run(TestNG.java:1031)
at org.testng.remote.AbstractRemoteTestNG.run(AbstractRemoteTestNG.java:115)
at org.testng.remote.RemoteTestNG.initAndRun(RemoteTestNG.java:251)
at org.testng.remote.RemoteTestNG.main(RemoteTestNG.java:77)
]]>
            </full-stacktrace>
          </exception> <!-- java.lang.AssertionError -->
          <reporter-output>
          </reporter-output>
        </test-method> <!-- b -->
      </class> <!-- testngpack.Remo -->
      <class name="testngpack.Demo1">
        <test-method signature="a()[pri:0, instance:testngpack.Demo1@272ed83b]" started-at="2022-06-01T18:39:38 IST" name="a" finished-at="2022-06-01T18:39:38 IST" duration-ms="22" status="PASS">
          <reporter-output>
            <line>
              <![CDATA[demo1 class method]]>
            </line>
          </reporter-output>
        </test-method> <!-- a -->
      </class> <!-- testngpack.Demo1 -->
    </test> <!-- Test -->
  </suite> <!-- Suite -->
</testng-results>
