<?xml version="1.0" encoding="UTF-8"?>
<!-- Generated by org.testng.reporters.JUnitXMLReporter -->
<testsuite ignored="0" hostname="DESKTOP-06JCFVE" failures="1" tests="3" name="Test" time="0.691" errors="0" timestamp="2022-06-01T18:39:38 IST">
  <testcase classname="testngpack.Sumo" name="c" time="0.087"/>
  <testcase classname="testngpack.Remo" name="b" time="0.033">
    <failure type="java.lang.AssertionError" message="null">
      <![CDATA[java.lang.AssertionError: null
at testngpack.Remo.b(Remo.java:12)
at java.base/java.util.ArrayList.forEach(ArrayList.java:1511)
... Removed 29 stack frames]]>
    </failure>
  </testcase> <!-- b -->
  <testcase classname="testngpack.Demo1" name="a" time="0.022"/>
</testsuite> <!-- Test -->
